MPASM  5.44                            P9.ASM   12-3-2022  20:57:20         PAGE  1


LOC  OBJECT CODE     LINE SOURCE TEXT
  VALUE

                      00001 
                      00002                 LIST    P=16F887                ;INDICA EL PIC A USAR
                      00003                 INCLUDE "p16F887.INC"   ;CARGA LA LIBRERIA DEL PIC              
                      00001         LIST
                      00002 
                      00003 ;==========================================================================
                      00004 ;  MPASM PIC16F887 processor include
                      00005 ; 
                      00006 ;  (c) Copyright 1999-2012 Microchip Technology, All rights reserved
                      00007 ;==========================================================================
                      00008 
                      00809         LIST
0000                  00004                 ORG             0X00                    ;INDICA EL ORIGEN DEL PROGRAMA
                      00005                 ;ESPACIO PARA DECLARAR REGISTROS;EJEMPLO: DATA EQU      0X20
Warning[207]: Found label after column 1. (R0)
  00000020            00006                 R0      EQU     0X20
Warning[207]: Found label after column 1. (R1)
  00000021            00007                 R1      EQU     0X21    
Warning[207]: Found label after column 1. (R2)
  00000022            00008                 R2      EQU     0X22
0000   2801           00009                 GOTO    INICIO                  ; IR A LA ETIQUETA DE INICIO
                      00010 
0001                  00011 INICIO  
0001   1683           00012         BSF     STATUS, RP0     ;PONE RP0 EN 1
Message[302]: Register in operand not in bank 0.  Ensure that bank bits are correct.
0002   0187           00013         CLRF    TRISC
0003   1703           00014         BSF     STATUS, RP1     ;PONE RP1 EN 1
Message[302]: Register in operand not in bank 0.  Ensure that bank bits are correct.
0004   0188           00015         CLRF    ANSEL           ;PONE EN CEROS A ANSEL, LOS PINES DEL A Y E SON I/O DIGITAL
Message[302]: Register in operand not in bank 0.  Ensure that bank bits are correct.
0005   0189           00016         CLRF    ANSELH
Message[302]: Register in operand not in bank 0.  Ensure that bank bits are correct.
0006   0186           00017         CLRF    TRISB           ;PONE A TRISB COMO SALIDA/ENTRADA DIGTALES
0007   1283           00018         BCF             STATUS, RP0     ;PONE RP0 EN 0
0008   1303           00019         BCF             STATUS, RP1     ; PONE RP1 EN 0
                      00020         
0009                  00021 AQUI
0009   200D           00022         CALL    DIESCINUEVE
000A   1989           00023         BTFSC   PORTE,  3
000B   2809           00024         GOTO    AQUI
000C   2810           00025         GOTO    START
                      00026         
                      00027         
000D                  00028 DIESCINUEVE
000D   30EF           00029                 MOVLW   b'11101111'             ; 9, carga b'1111011' en W y retorna
000E   0086           00030                 MOVWF   PORTB
000F   0008           00031                 RETURN
                      00032                 
0010                  00033 START
0010   200D           00034         CALL    DIESCINUEVE
0011   2052           00035         CALL    DELAY
0012   2052           00036         CALL    DELAY
0013   208D           00037         CALL    DIESIOCHO
MPASM  5.44                            P9.ASM   12-3-2022  20:57:20         PAGE  2


LOC  OBJECT CODE     LINE SOURCE TEXT
  VALUE

0014   2052           00038         CALL    DELAY
0015   2052           00039         CALL    DELAY
0016   208A           00040         CALL    DIESISIETE
0017   2052           00041         CALL    DELAY
0018   2052           00042         CALL    DELAY
0019   2087           00043         CALL    DIESISEIS
001A   2052           00044         CALL    DELAY
001B   2052           00045         CALL    DELAY
001C   2084           00046         CALL    QUINCE
001D   2052           00047         CALL    DELAY
001E   2052           00048         CALL    DELAY
001F   2081           00049         CALL    CATORCE
0020   2052           00050         CALL    DELAY
0021   2052           00051         CALL    DELAY
0022   207E           00052         CALL    TRECE
0023   2052           00053         CALL    DELAY
0024   2052           00054         CALL    DELAY
0025   207B           00055         CALL    DOCE
0026   2052           00056         CALL    DELAY
0027   2052           00057         CALL    DELAY
0028   2078           00058         CALL    ONCE
0029   2052           00059         CALL    DELAY
002A   2052           00060         CALL    DELAY
002B   2075           00061         CALL    DIEZ
002C   2052           00062         CALL    DELAY
002D   2052           00063         CALL    DELAY
002E   2072           00064         CALL    NUEVE
002F   2052           00065         CALL    DELAY
0030   2052           00066         CALL    DELAY
0031   206F           00067         CALL    OCHO
0032   2052           00068         CALL    DELAY
0033   2052           00069         CALL    DELAY
0034   206C           00070         CALL    SIETE
0035   2052           00071         CALL    DELAY
0036   2052           00072         CALL    DELAY
0037   2069           00073         CALL    SEIS
0038   2052           00074         CALL    DELAY
0039   2052           00075         CALL    DELAY
003A   2066           00076         CALL    CINCO
003B   2052           00077         CALL    DELAY
003C   2052           00078         CALL    DELAY
003D   2063           00079         CALL    CUATRO
003E   2052           00080         CALL    DELAY
003F   2052           00081         CALL    DELAY
0040   2060           00082         CALL    TRES
0041   2052           00083         CALL    DELAY
0042   2052           00084         CALL    DELAY
0043   205D           00085         CALL    DOS
0044   2052           00086         CALL    DELAY
0045   2052           00087         CALL    DELAY
0046   205A           00088         CALL    UNO
0047   2052           00089         CALL    DELAY
0048   2052           00090         CALL    DELAY
MPASM  5.44                            P9.ASM   12-3-2022  20:57:20         PAGE  3


LOC  OBJECT CODE     LINE SOURCE TEXT
  VALUE

0049   2057           00091         CALL    CERO
004A   2090           00092         CALL    BUFFER
004B   2090           00093         CALL    BUFFER
004C   2090           00094         CALL    BUFFER
004D   2809           00095         GOTO    AQUI
004E                  00096 TIME
004E   30C8           00097         MOVLW   .200
004F   00A0           00098         MOVWF   R0
0050   3002           00099         MOVLW   .2
0051   00A1           00100         MOVWF   R1
                      00101 ;       MOVLW   .1
                      00102 ;       MOVWF   R2
                      00103 
0052                  00104 DELAY
Message[305]: Using default destination of 1 (file).
0052   0BA0           00105         DECFSZ  R0
0053   2852           00106         GOTO    DELAY
Message[305]: Using default destination of 1 (file).
0054   0BA1           00107         DECFSZ  R1
                      00108 ;       GOTO    DELAY
                      00109 ;       DECFSZ  R2
0055   2852           00110         GOTO    DELAY   
0056   0008           00111         RETURN
                      00112         
0057                  00113 CERO
0057   303F           00114         MOVLW   B'00111111'             ; 0, carga b'1111110' en W y retorna
0058   0086           00115         MOVWF   PORTB
0059   0008           00116         RETURN
005A                  00117 UNO
005A   3006           00118         MOVLW   b'00000110'             ; 1, carga b'0110000' en W y retorna
005B   0086           00119         MOVWF   PORTB
005C   0008           00120         RETURN
005D                  00121 DOS
005D   305B           00122         MOVLW   b'01011011'             ; 2, carga b'1101101' en W y retorna
005E   0086           00123         MOVWF   PORTB
005F   0008           00124         RETURN
0060                  00125 TRES
0060   304F           00126         MOVLW   b'01001111'             ; 3, carga b'1111001' en W y retorna
0061   0086           00127         MOVWF   PORTB
0062   0008           00128         RETURN
0063                  00129 CUATRO
0063   3066           00130         MOVLW   b'01100110'             ; 4, carga b'0110011' en W y retorna
0064   0086           00131         MOVWF   PORTB
0065   0008           00132         RETURN
0066                  00133 CINCO
0066   306D           00134         MOVLW   b'01101101'             ; 5, carga b'1011011' en W y retorna
0067   0086           00135         MOVWF   PORTB
0068   0008           00136         RETURN
0069                  00137 SEIS
0069   307D           00138         MOVLW   b'01111101'             ; 6, carga b'1011111' en W y retorna
006A   0086           00139         MOVWF   PORTB
006B   0008           00140         RETURN
006C                  00141 SIETE
MPASM  5.44                            P9.ASM   12-3-2022  20:57:20         PAGE  4


LOC  OBJECT CODE     LINE SOURCE TEXT
  VALUE

006C   3007           00142         MOVLW   b'00000111'             ; 7, carga b'1110000' en W y retorna
006D   0086           00143         MOVWF   PORTB
006E   0008           00144         RETURN
006F                  00145 OCHO
006F   307F           00146         MOVLW   b'01111111'             ; 8, carga b'1111111' en W y retorna
0070   0086           00147         MOVWF   PORTB
0071   0008           00148         RETURN
0072                  00149 NUEVE
0072   306F           00150         MOVLW   b'01101111'             ; 9, carga b'1111011' en W y retorna
0073   0086           00151         MOVWF   PORTB
0074   0008           00152         RETURN          
0075                  00153 DIEZ
0075   30BF           00154         MOVLW   B'10111111'
0076   0086           00155         MOVWF   PORTB   
0077   0008           00156         RETURN  
0078                  00157 ONCE
0078   3086           00158         MOVLW   b'10000110'             ; 11, carga b'0110000' en W y retorna
0079   0086           00159         MOVWF   PORTB
007A   0008           00160         RETURN
007B                  00161 DOCE
007B   30DB           00162         MOVLW   b'11011011'             ; 12, carga b'1101101' en W y retorna
007C   0086           00163         MOVWF   PORTB
007D   0008           00164         RETURN
007E                  00165 TRECE
007E   30CF           00166         MOVLW   b'11001111'             ; 13, carga b'1111001' en W y retorna
007F   0086           00167         MOVWF   PORTB
0080   0008           00168         RETURN
0081                  00169 CATORCE
0081   30E6           00170         MOVLW   b'11100110'             ; 14, carga b'0110011' en W y retorna
0082   0086           00171         MOVWF   PORTB
0083   0008           00172         RETURN
0084                  00173 QUINCE
0084   30ED           00174         MOVLW   b'11101101'             ; 15, carga b'1011011' en W y retorna
0085   0086           00175         MOVWF   PORTB
0086   0008           00176         RETURN
0087                  00177 DIESISEIS
0087   30FD           00178         MOVLW   b'11111101'             ; 16, carga b'1011111' en W y retorna
0088   0086           00179         MOVWF   PORTB
0089   0008           00180         RETURN
008A                  00181 DIESISIETE
008A   3087           00182         MOVLW   b'10000111'             ; 17, carga b'1110000' en W y retorna
008B   0086           00183         MOVWF   PORTB
008C   0008           00184         RETURN
008D                  00185 DIESIOCHO
008D   30FF           00186         MOVLW   b'11111111'             ; 18, carga b'1111111' en W y retorna
008E   0086           00187         MOVWF   PORTB
008F   0008           00188         RETURN
0090                  00189 BUFFER
0090   3001           00190         MOVLW   .1
0091   0087           00191         MOVWF   PORTC
0092   2052           00192         CALL    DELAY
0093   2052           00193         CALL    DELAY
0094   3000           00194         MOVLW   .0
MPASM  5.44                            P9.ASM   12-3-2022  20:57:20         PAGE  5


LOC  OBJECT CODE     LINE SOURCE TEXT
  VALUE

0095   0087           00195         MOVWF   PORTC
0096   2052           00196         CALL    DELAY
0097   2052           00197         CALL    DELAY
0098   0008           00198         RETURN
Warning[205]: Found directive in column 1. (END)
                      00199 END                                     
MPASM  5.44                            P9.ASM   12-3-2022  20:57:20         PAGE  6


SYMBOL TABLE
  LABEL                             VALUE 

ABDEN                             00000000
ABDOVF                            00000007
ACKDT                             00000005
ACKEN                             00000004
ACKSTAT                           00000006
ADCON0                            0000001F
ADCON1                            0000009F
ADCS0                             00000006
ADCS1                             00000007
ADDEN                             00000003
ADFM                              00000007
ADIE                              00000006
ADIF                              00000006
ADON                              00000000
ADRESH                            0000001E
ADRESL                            0000009E
ANS0                              00000000
ANS1                              00000001
ANS10                             00000002
ANS11                             00000003
ANS12                             00000004
ANS13                             00000005
ANS2                              00000002
ANS3                              00000003
ANS4                              00000004
ANS5                              00000005
ANS6                              00000006
ANS7                              00000007
ANS8                              00000000
ANS9                              00000001
ANSEL                             00000188
ANSELH                            00000189
AQUI                              00000009
BAUDCTL                           00000187
BCLIE                             00000003
BCLIF                             00000003
BF                                00000000
BRG0                              00000000
BRG1                              00000001
BRG10                             00000002
BRG11                             00000003
BRG12                             00000004
BRG13                             00000005
BRG14                             00000006
BRG15                             00000007
BRG16                             00000003
BRG2                              00000002
BRG3                              00000003
BRG4                              00000004
BRG5                              00000005
BRG6                              00000006
BRG7                              00000007
BRG8                              00000000
MPASM  5.44                            P9.ASM   12-3-2022  20:57:20         PAGE  7


SYMBOL TABLE
  LABEL                             VALUE 

BRG9                              00000001
BRGH                              00000002
BUFFER                            00000090
C                                 00000000
C1CH0                             00000000
C1CH1                             00000001
C1IE                              00000005
C1IF                              00000005
C1OE                              00000005
C1ON                              00000007
C1OUT                             00000006
C1POL                             00000004
C1R                               00000002
C1RSEL                            00000005
C1SEN                             00000005
C2CH0                             00000000
C2CH1                             00000001
C2IE                              00000006
C2IF                              00000006
C2OE                              00000005
C2ON                              00000007
C2OUT                             00000006
C2POL                             00000004
C2R                               00000002
C2REN                             00000004
C2RSEL                            00000004
C2SYNC                            00000000
CATORCE                           00000081
CCP1CON                           00000017
CCP1IE                            00000002
CCP1IF                            00000002
CCP1M0                            00000000
CCP1M1                            00000001
CCP1M2                            00000002
CCP1M3                            00000003
CCP1X                             00000005
CCP1Y                             00000004
CCP2CON                           0000001D
CCP2IE                            00000000
CCP2IF                            00000000
CCP2M0                            00000000
CCP2M1                            00000001
CCP2M2                            00000002
CCP2M3                            00000003
CCP2X                             00000005
CCP2Y                             00000004
CCPR1                             00000015
CCPR1H                            00000016
CCPR1L                            00000015
CCPR2                             0000001B
CCPR2H                            0000001C
CCPR2L                            0000001B
CERO                              00000057
MPASM  5.44                            P9.ASM   12-3-2022  20:57:20         PAGE  8


SYMBOL TABLE
  LABEL                             VALUE 

CHS0                              00000002
CHS1                              00000003
CHS2                              00000004
CHS3                              00000005
CINCO                             00000066
CKE                               00000006
CKP                               00000004
CM1CON0                           00000107
CM2CON0                           00000108
CM2CON1                           00000109
CREN                              00000004
CSRC                              00000007
CUATRO                            00000063
D                                 00000005
DATA_ADDRESS                      00000005
DC                                00000001
DC1B0                             00000004
DC1B1                             00000005
DC2B0                             00000004
DC2B1                             00000005
DELAY                             00000052
DIESCINUEVE                       0000000D
DIESIOCHO                         0000008D
DIESISEIS                         00000087
DIESISIETE                        0000008A
DIEZ                              00000075
DOCE                              0000007B
DOS                               0000005D
D_A                               00000005
D_NOT_A                           00000005
ECCPAS                            0000009C
ECCPAS0                           00000004
ECCPAS1                           00000005
ECCPAS2                           00000006
ECCPASE                           00000007
EEADR                             0000010D
EEADRH                            0000010F
EECON1                            0000018C
EECON2                            0000018D
EEDAT                             0000010C
EEDATA                            0000010C
EEDATH                            0000010E
EEIE                              00000004
EEIF                              00000004
EEPGD                             00000007
F                                 00000001
FERR                              00000002
FSR                               00000004
FVREN                             00000000
GCEN                              00000007
GIE                               00000007
GO                                00000001
GO_DONE                           00000001
MPASM  5.44                            P9.ASM   12-3-2022  20:57:20         PAGE  9


SYMBOL TABLE
  LABEL                             VALUE 

GO_NOT_DONE                       00000001
HTS                               00000002
I2C_DATA                          00000005
I2C_READ                          00000002
I2C_START                         00000003
I2C_STOP                          00000004
INDF                              00000000
INICIO                            00000001
INTCON                            0000000B
INTE                              00000004
INTEDG                            00000006
INTF                              00000001
IOCB                              00000096
IOCB0                             00000000
IOCB1                             00000001
IOCB2                             00000002
IOCB3                             00000003
IOCB4                             00000004
IOCB5                             00000005
IOCB6                             00000006
IOCB7                             00000007
IRCF0                             00000004
IRCF1                             00000005
IRCF2                             00000006
IRP                               00000007
LTS                               00000001
MC1OUT                            00000007
MC2OUT                            00000006
MSK                               00000093
MSK0                              00000000
MSK1                              00000001
MSK2                              00000002
MSK3                              00000003
MSK4                              00000004
MSK5                              00000005
MSK6                              00000006
MSK7                              00000007
NOT_A                             00000005
NOT_ADDRESS                       00000005
NOT_BO                            00000000
NOT_BOR                           00000000
NOT_DONE                          00000001
NOT_PD                            00000003
NOT_POR                           00000001
NOT_RBPU                          00000007
NOT_RC8                           00000006
NOT_T1SYNC                        00000002
NOT_TO                            00000004
NOT_TX8                           00000006
NOT_W                             00000002
NOT_WRITE                         00000002
NUEVE                             00000072
OCHO                              0000006F
MPASM  5.44                            P9.ASM   12-3-2022  20:57:20         PAGE 10


SYMBOL TABLE
  LABEL                             VALUE 

OERR                              00000001
ONCE                              00000078
OPTION_REG                        00000081
OSCCON                            0000008F
OSCTUNE                           00000090
OSFIE                             00000007
OSFIF                             00000007
OSTS                              00000003
P                                 00000004
P1M0                              00000006
P1M1                              00000007
PCL                               00000002
PCLATH                            0000000A
PCON                              0000008E
PDC0                              00000000
PDC1                              00000001
PDC2                              00000002
PDC3                              00000003
PDC4                              00000004
PDC5                              00000005
PDC6                              00000006
PEIE                              00000006
PEN                               00000002
PIE1                              0000008C
PIE2                              0000008D
PIR1                              0000000C
PIR2                              0000000D
PORTA                             00000005
PORTB                             00000006
PORTC                             00000007
PORTD                             00000008
PORTE                             00000009
PR2                               00000092
PRSEN                             00000007
PS0                               00000000
PS1                               00000001
PS2                               00000002
PSA                               00000003
PSSAC0                            00000002
PSSAC1                            00000003
PSSBD0                            00000000
PSSBD1                            00000001
PSTRCON                           0000009D
PULSR                             00000002
PULSS                             00000003
PWM1CON                           0000009B
QUINCE                            00000084
R                                 00000002
R0                                00000020
R1                                00000021
R2                                00000022
RA0                               00000000
RA1                               00000001
MPASM  5.44                            P9.ASM   12-3-2022  20:57:20         PAGE 11


SYMBOL TABLE
  LABEL                             VALUE 

RA2                               00000002
RA3                               00000003
RA4                               00000004
RA5                               00000005
RA6                               00000006
RA7                               00000007
RB0                               00000000
RB1                               00000001
RB2                               00000002
RB3                               00000003
RB4                               00000004
RB5                               00000005
RB6                               00000006
RB7                               00000007
RBIE                              00000003
RBIF                              00000000
RC0                               00000000
RC1                               00000001
RC2                               00000002
RC3                               00000003
RC4                               00000004
RC5                               00000005
RC6                               00000006
RC7                               00000007
RC8_9                             00000006
RC9                               00000006
RCD8                              00000000
RCEN                              00000003
RCIDL                             00000006
RCIE                              00000005
RCIF                              00000005
RCREG                             0000001A
RCSTA                             00000018
RD                                00000000
RD0                               00000000
RD1                               00000001
RD2                               00000002
RD3                               00000003
RD4                               00000004
RD5                               00000005
RD6                               00000006
RD7                               00000007
RE0                               00000000
RE1                               00000001
RE2                               00000002
RE3                               00000003
READ_WRITE                        00000002
RP0                               00000005
RP1                               00000006
RSEN                              00000001
RX9                               00000006
RX9D                              00000000
R_NOT_W                           00000002
MPASM  5.44                            P9.ASM   12-3-2022  20:57:20         PAGE 12


SYMBOL TABLE
  LABEL                             VALUE 

R_W                               00000002
S                                 00000003
SBOREN                            00000004
SCKP                              00000004
SCS                               00000000
SEIS                              00000069
SEN                               00000000
SENDB                             00000003
SIETE                             0000006C
SMP                               00000007
SPBRG                             00000099
SPBRGH                            0000009A
SPEN                              00000007
SR0                               00000006
SR1                               00000007
SRCON                             00000185
SREN                              00000005
SSPADD                            00000093
SSPBUF                            00000013
SSPCON                            00000014
SSPCON2                           00000091
SSPEN                             00000005
SSPIE                             00000003
SSPIF                             00000003
SSPM0                             00000000
SSPM1                             00000001
SSPM2                             00000002
SSPM3                             00000003
SSPMSK                            00000093
SSPOV                             00000006
SSPSTAT                           00000094
START                             00000010
STATUS                            00000003
STRA                              00000000
STRB                              00000001
STRC                              00000002
STRD                              00000003
STRSYNC                           00000004
SWDTEN                            00000000
SYNC                              00000004
T0CS                              00000005
T0IE                              00000005
T0IF                              00000002
T0SE                              00000004
T1CKPS0                           00000004
T1CKPS1                           00000005
T1CON                             00000010
T1GINV                            00000007
T1GIV                             00000007
T1GSS                             00000001
T1INSYNC                          00000002
T1OSCEN                           00000003
T1SYNC                            00000002
MPASM  5.44                            P9.ASM   12-3-2022  20:57:20         PAGE 13


SYMBOL TABLE
  LABEL                             VALUE 

T2CKPS0                           00000000
T2CKPS1                           00000001
T2CON                             00000012
TIME                              0000004E
TMR0                              00000001
TMR0IE                            00000005
TMR0IF                            00000002
TMR1                              0000000E
TMR1CS                            00000001
TMR1GE                            00000006
TMR1H                             0000000F
TMR1IE                            00000000
TMR1IF                            00000000
TMR1L                             0000000E
TMR1ON                            00000000
TMR2                              00000011
TMR2IE                            00000001
TMR2IF                            00000001
TMR2ON                            00000002
TOUTPS0                           00000003
TOUTPS1                           00000004
TOUTPS2                           00000005
TOUTPS3                           00000006
TRECE                             0000007E
TRES                              00000060
TRISA                             00000085
TRISA0                            00000000
TRISA1                            00000001
TRISA2                            00000002
TRISA3                            00000003
TRISA4                            00000004
TRISA5                            00000005
TRISA6                            00000006
TRISA7                            00000007
TRISB                             00000086
TRISB0                            00000000
TRISB1                            00000001
TRISB2                            00000002
TRISB3                            00000003
TRISB4                            00000004
TRISB5                            00000005
TRISB6                            00000006
TRISB7                            00000007
TRISC                             00000087
TRISC0                            00000000
TRISC1                            00000001
TRISC2                            00000002
TRISC3                            00000003
TRISC4                            00000004
TRISC5                            00000005
TRISC6                            00000006
TRISC7                            00000007
TRISD                             00000088
MPASM  5.44                            P9.ASM   12-3-2022  20:57:20         PAGE 14


SYMBOL TABLE
  LABEL                             VALUE 

TRISD0                            00000000
TRISD1                            00000001
TRISD2                            00000002
TRISD3                            00000003
TRISD4                            00000004
TRISD5                            00000005
TRISD6                            00000006
TRISD7                            00000007
TRISE                             00000089
TRISE0                            00000000
TRISE1                            00000001
TRISE2                            00000002
TRISE3                            00000003
TRMT                              00000001
TUN0                              00000000
TUN1                              00000001
TUN2                              00000002
TUN3                              00000003
TUN4                              00000004
TX8_9                             00000006
TX9                               00000006
TX9D                              00000000
TXD8                              00000000
TXEN                              00000005
TXIE                              00000004
TXIF                              00000004
TXREG                             00000019
TXSTA                             00000098
UA                                00000001
ULPWUE                            00000005
ULPWUIE                           00000002
ULPWUIF                           00000002
UNO                               0000005A
VCFG0                             00000004
VCFG1                             00000005
VR0                               00000000
VR1                               00000001
VR2                               00000002
VR3                               00000003
VRCON                             00000097
VREN                              00000007
VROE                              00000006
VRR                               00000005
VRSS                              00000004
W                                 00000000
WCOL                              00000007
WDTCON                            00000105
WDTPS0                            00000001
WDTPS1                            00000002
WDTPS2                            00000003
WDTPS3                            00000004
WPUB                              00000095
WPUB0                             00000000
MPASM  5.44                            P9.ASM   12-3-2022  20:57:20         PAGE 15


SYMBOL TABLE
  LABEL                             VALUE 

WPUB1                             00000001
WPUB2                             00000002
WPUB3                             00000003
WPUB4                             00000004
WPUB5                             00000005
WPUB6                             00000006
WPUB7                             00000007
WR                                00000001
WREN                              00000002
WRERR                             00000003
WUE                               00000001
Z                                 00000002
_BOR21V                           00003EFF
_BOR40V                           00003FFF
_BOR4V_BOR21V                     00003EFF
_BOR4V_BOR40V                     00003FFF
_BOREN_NSLEEP                     00003EFF
_BOREN_OFF                        00003CFF
_BOREN_ON                         00003FFF
_BOREN_SBODEN                     00003DFF
_BOR_NSLEEP                       00003EFF
_BOR_OFF                          00003CFF
_BOR_ON                           00003FFF
_BOR_SBODEN                       00003DFF
_CONFIG1                          00002007
_CONFIG2                          00002008
_CPD_OFF                          00003FFF
_CPD_ON                           00003F7F
_CP_OFF                           00003FFF
_CP_ON                            00003FBF
_DEBUG_OFF                        00003FFF
_DEBUG_ON                         00001FFF
_DEVID1                           00002006
_EC_OSC                           00003FFB
_EXTRC                            00003FFF
_EXTRCIO                          00003FFE
_EXTRC_OSC_CLKOUT                 00003FFF
_EXTRC_OSC_NOCLKOUT               00003FFE
_FCMEN_OFF                        000037FF
_FCMEN_ON                         00003FFF
_FOSC_EC                          00003FFB
_FOSC_EXTRC_CLKOUT                00003FFF
_FOSC_EXTRC_NOCLKOUT              00003FFE
_FOSC_HS                          00003FFA
_FOSC_INTRC_CLKOUT                00003FFD
_FOSC_INTRC_NOCLKOUT              00003FFC
_FOSC_LP                          00003FF8
_FOSC_XT                          00003FF9
_HS_OSC                           00003FFA
_IDLOC0                           00002000
_IDLOC1                           00002001
_IDLOC2                           00002002
_IDLOC3                           00002003
MPASM  5.44                            P9.ASM   12-3-2022  20:57:20         PAGE 16


SYMBOL TABLE
  LABEL                             VALUE 

_IESO_OFF                         00003BFF
_IESO_ON                          00003FFF
_INTOSC                           00003FFD
_INTOSCIO                         00003FFC
_INTRC_OSC_CLKOUT                 00003FFD
_INTRC_OSC_NOCLKOUT               00003FFC
_LP_OSC                           00003FF8
_LVP_OFF                          00002FFF
_LVP_ON                           00003FFF
_MCLRE_OFF                        00003FDF
_MCLRE_ON                         00003FFF
_PWRTE_OFF                        00003FFF
_PWRTE_ON                         00003FEF
_WDTE_OFF                         00003FF7
_WDTE_ON                          00003FFF
_WDT_OFF                          00003FF7
_WDT_ON                           00003FFF
_WRT_1FOURTH                      00003BFF
_WRT_256                          00003DFF
_WRT_HALF                         000039FF
_WRT_OFF                          00003FFF
_XT_OSC                           00003FF9
__16F887                          00000001


MEMORY USAGE MAP ('X' = Used,  '-' = Unused)

0000 : XXXXXXXXXXXXXXXX XXXXXXXXXXXXXXXX XXXXXXXXXXXXXXXX XXXXXXXXXXXXXXXX
0040 : XXXXXXXXXXXXXXXX XXXXXXXXXXXXXXXX XXXXXXXXXXXXXXXX XXXXXXXXXXXXXXXX
0080 : XXXXXXXXXXXXXXXX XXXXXXXXX------- ---------------- ----------------

All other memory blocks unused.

Program Memory Words Used:   153
Program Memory Words Free:  8039


Errors   :     0
Warnings :     4 reported,     0 suppressed
Messages :     6 reported,     0 suppressed

